<?xml version="1.0" encoding="UTF-8"?>
<testsuite xmlns:xsi="http://www.w3.org/2001/XMLSchema-instance" xsi:noNamespaceSchemaLocation="https://maven.apache.org/surefire/maven-surefire-plugin/xsd/surefire-test-report.xsd" name="aivick.ListUtilTest" time="0.091" tests="4" errors="0" skipped="0" failures="0">
  <properties>
[...]
</properties>
  <testcase name="第一引数に大きさ第二引数7にvalueを入れリストを返す" classname="aivick.ListUtilTest" time="0.032"/>
  <testcase name="整数を入力したとき偶数だけを返す" classname="aivick.ListUtilTest" time="0.001"/>
  <testcase name="空のリストが渡された場合" classname="aivick.ListUtilTest" time="0.001"/>
  <testcase name="リストに偶数が入力されたとき偶数を返す" classname="aivick.ListUtilTest" time="0.001"/>
</testsuite>